app/build/outputs/mapping/release/mapping.txt
# compiler: R8
# compiler_version: 2.0.74
# min_api: 21
# pg_map_id: 1220551
# common_typos_disable
com.shree.app.Adapters.-$$Lambda$CardAdapter$4bGrEFL1--IW35Wy1_b4gajdff8 -> e.h.a.a.a:
    int f$1 -> b
    com.shree.app.Adapters.CardAdapter f$0 -> a
com.shree.app.Adapters.-$$Lambda$HistoryAdapter$ztW4wcXIsvIh6G_JFNRtYfjLpvE -> e.h.a.a.b:
    com.shree.app.Adapters.HistoryAdapter f$0 -> a
    int f$1 -> b
com.shree.app.Adapters.-$$Lambda$TypeAdapter$9v4Qtu2d96rUWwG6Y3tDl659UYU -> e.h.a.a.c:
    com.shree.app.Adapters.TypeAdapter f$0 -> a
    com.shree.app.Adapters.TypeAdapter$viewHolders f$1 -> b
com.shree.app.Adapters.CardAdapter -> e.h.a.a.d:
    java.util.List itemArrayList -> b
    android.app.Activity activity -> a
    void lambda$onBindViewHolder$0(int,android.view.View) -> a
    void onBindViewHolder(com.shree.app.Adapters.CardAdapter$viewHolders,int) -> b
    com.shree.app.Adapters.CardAdapter$viewHolders onCreateViewHolder(android.view.ViewGroup,int) -> c
com.shree.app.Adapters.CardAdapter$viewHolders -> e.h.a.a.d$a:
    android.widget.TextView mName -> a
    android.widget.TextView mDate -> c
    android.widget.TextView mNumber -> b
    android.widget.ImageView mCard -> d
    android.widget.LinearLayout mLayout -> f
    android.widget.ImageView mDefault -> e
com.shree.app.Adapters.HistoryAdapter -> e.h.a.a.e:
    java.util.List itemList -> a
    android.content.Context context -> b
    android.content.Context access$100(com.shree.app.Adapters.HistoryAdapter) -> a
    java.util.List access$200(com.shree.app.Adapters.HistoryAdapter) -> b
    void lambda$onBindViewHolder$0(int,android.view.View) -> c
    void onMapReady(com.google.android.gms.maps.GoogleMap) -> d
    void onBindViewHolder(com.shree.app.Adapters.HistoryAdapter$HistoryViewHolders,int) -> e
    com.shree.app.Adapters.HistoryAdapter$HistoryViewHolders onCreateViewHolder(android.view.ViewGroup,int) -> f
com.shree.app.Adapters.HistoryAdapter$HistoryViewHolders -> e.h.a.a.e$a:
    com.shree.app.Adapters.HistoryAdapter this$0 -> q
    com.google.android.gms.maps.GoogleMap map -> f
    android.widget.TextView rideId -> a
    android.widget.TextView mCar -> c
    android.widget.TextView time -> b
    android.widget.TextView mPrice -> d
    com.google.android.gms.maps.MapView mapView -> e
    android.view.View mMask -> g
    void access$000(com.shree.app.Adapters.HistoryAdapter$HistoryViewHolders,int) -> a
    void bindView(int) -> b
    void setMapLocation() -> c
    void onMapReady(com.google.android.gms.maps.GoogleMap) -> d
com.shree.app.Adapters.TypeAdapter -> e.h.a.a.f:
    android.content.Context context -> a
    java.util.List itemArrayList -> c
    com.shree.app.Objects.TypeObject selectedItem -> b
    com.shree.app.Objects.TypeObject getSelectedItem() -> a
    void lambda$onBindViewHolder$0(com.shree.app.Adapters.TypeAdapter$viewHolders,android.view.View) -> b
    void onBindViewHolder(com.shree.app.Adapters.TypeAdapter$viewHolders,int) -> c
    com.shree.app.Adapters.TypeAdapter$viewHolders onCreateViewHolder(android.view.ViewGroup,int) -> e
    void setSelectedItem(com.shree.app.Objects.TypeObject) -> f
com.shree.app.Adapters.TypeAdapter$viewHolders -> e.h.a.a.f$a:
    android.widget.TextView mName -> a
    android.widget.TextView mPeople -> b
    android.widget.LinearLayout mLayout -> d
    android.widget.ImageView mImage -> c
com.shree.app.Customer.-$$Lambda$CustomerSettingsActivity$56PJYfwwsjWQMaA2cp_NgXnlLZM -> com.shree.app.Customer.a:
    com.shree.app.Customer.CustomerSettingsActivity f$0 -> a
com.shree.app.Customer.-$$Lambda$CustomerSettingsActivity$PydbYtww4su1MMURLhzYR3cjmuM -> com.shree.app.Customer.b:
    com.shree.app.Customer.CustomerSettingsActivity f$0 -> a
com.shree.app.Customer.-$$Lambda$CustomerSettingsActivity$VLYZehfxKe13gQaAcBPYFWtk8Sc -> com.shree.app.Customer.c:
    com.shree.app.Customer.CustomerSettingsActivity f$0 -> a
...
com.ncorti.slidetoact.SlideToActView$startAnimationComplete$5 -> com.ncorti.slidetoact.SlideToActView$k:
    com.ncorti.slidetoact.SlideToActView this$0 -> a
com.ncorti.slidetoact.SlideToActView$startAnimationComplete$6 -> com.ncorti.slidetoact.SlideToActView$l:
    com.ncorti.slidetoact.SlideToActView this$0 -> a
com.ncorti.slidetoact.SlideToActView$startAnimationReset$1 -> com.ncorti.slidetoact.SlideToActView$m:
    com.ncorti.slidetoact.SlideToActView this$0 -> a
com.ncorti.slidetoact.SlideToActView$startAnimationReset$2 -> com.ncorti.slidetoact.SlideToActView$n:
    com.ncorti.slidetoact.SlideToActView this$0 -> a
com.ncorti.slidetoact.SlideToActView$startAnimationReset$3 -> com.ncorti.slidetoact.SlideToActView$o:
    com.ncorti.slidetoact.SlideToActView this$0 -> a
com.ncorti.slidetoact.SlideToActView$startAnimationReset$4 -> com.ncorti.slidetoact.SlideToActView$p:
    com.ncorti.slidetoact.SlideToActView this$0 -> a
com.ncorti.slidetoact.SlideToActView$startAnimationReset$5 -> com.ncorti.slidetoact.SlideToActView$q:
    com.ncorti.slidetoact.SlideToActView this$0 -> a
com.ncorti.slidetoact.SlideToActView$startAnimationReset$6 -> com.ncorti.slidetoact.SlideToActView$r:
    com.ncorti.slidetoact.SlideToActView this$0 -> a
com.nimbusds.jose.Algorithm -> e.e.a.a:
    com.nimbusds.jose.Algorithm NONE -> b
    java.lang.String name -> a
    java.lang.String getName() -> a
    java.lang.String toJSONString() -> q
com.nimbusds.jose.CommonSEHeader -> e.e.a.b:
    java.net.URI x5u -> y
    java.lang.String kid -> Y1
    com.nimbusds.jose.jwk.JWK jwk -> x
    java.util.List x5c -> X1
    java.net.URI jku -> q
    com.nimbusds.jose.util.Base64URL x5t -> V1
    com.nimbusds.jose.util.Base64URL x5t256 -> W1
    net.minidev.json.JSONObject toJSONObject() -> f
    java.util.List getX509CertChain() -> g
com.nimbusds.jose.CompressionAlgorithm -> e.e.a.c:
    com.nimbusds.jose.CompressionAlgorithm DEF -> b
    java.lang.String name -> a
    java.lang.String toJSONString() -> q
com.nimbusds.jose.EncryptionMethod -> e.e.a.d:
    com.nimbusds.jose.EncryptionMethod A256CBC_HS512 -> f
    com.nimbusds.jose.EncryptionMethod A128CBC_HS256_DEPRECATED -> g
    com.nimbusds.jose.EncryptionMethod A128CBC_HS256 -> d
    com.nimbusds.jose.EncryptionMethod A192CBC_HS384 -> e
    com.nimbusds.jose.EncryptionMethod A256CBC_HS512_DEPRECATED -> q
    int cekBitLength -> c
    com.nimbusds.jose.EncryptionMethod A128GCM -> x
    com.nimbusds.jose.EncryptionMethod A256GCM -> V1
    com.nimbusds.jose.EncryptionMethod A192GCM -> y
    int cekBitLength() -> b
    com.nimbusds.jose.EncryptionMethod parse(java.lang.String) -> c
com.nimbusds.jose.Header -> e.e.a.e:
    java.util.Set crit -> d
    com.nimbusds.jose.Algorithm alg -> a
    com.nimbusds.jose.JOSEObjectType typ -> b
    java.lang.String cty -> c
    java.util.Map customParams -> e
    java.util.Map EMPTY_CUSTOM_PARAMS -> g
    com.nimbusds.jose.util.Base64URL parsedBase64URL -> f
    com.nimbusds.jose.Algorithm getAlgorithm() -> a
    java.util.Set getCriticalParams() -> b
    java.lang.Object getCustomParam(java.lang.String) -> c
    com.nimbusds.jose.Algorithm parseAlgorithm(net.minidev.json.JSONObject) -> d
    com.nimbusds.jose.util.Base64URL toBase64URL() -> e
    net.minidev.json.JSONObject toJSONObject() -> f
com.nimbusds.jose.JOSEException -> e.e.a.f:
com.nimbusds.jose.JOSEObject -> e.e.a.g:
    com.nimbusds.jose.Payload payload -> a
    com.nimbusds.jose.util.Base64URL[] parsedParts -> b
    java.lang.String getParsedString() -> a
    com.nimbusds.jose.Payload getPayload() -> b
    void setParsedParts(com.nimbusds.jose.util.Base64URL[]) -> c
    void setPayload(com.nimbusds.jose.Payload) -> d
    com.nimbusds.jose.util.Base64URL[] split(java.lang.String) -> e
com.nimbusds.jose.JOSEObjectType -> e.e.a.h:
    java.lang.String type -> a
    java.lang.String toJSONString() -> q