app/build/outputs/mapping/release/usage.txt
com.shree.app.R$id
com.shree.app.Objects.QueryObject:
    public java.lang.String getId()
    public void setId(java.lang.String)
    public java.lang.String getName()
    public void setName(java.lang.String)
    public java.lang.String getPhone()
    public void setPhone(java.lang.String)
    public java.lang.String getEmail()
    public void setEmail(java.lang.String)
    public java.lang.String getQuery()
    public void setQuery(java.lang.String)
com.shree.app.R$bool
com.shree.app.R$drawable
com.shree.app.R$menu
com.shree.app.Objects.RideObject:
    public void recordRide()
    public void arrivedPickup()
    public void pickedCustomer()
    public void confirmDriver()
    public void setDriver(com.shree.app.Objects.DriverObject)
    public void setCustomer(com.shree.app.Objects.CustomerObject)
    public com.shree.app.Objects.LocationObject getCurrent()
    public float getRideDistance()
    public void setRideDistance(float)
    public void setTimePassed(float)
    public int getCancelledType()
    public java.lang.String getCancelledReason()
    public java.lang.Double getRidePrice()
    public java.lang.Long getTimestamp()
    public java.lang.Boolean getCustomerPaid()
    public float getTimePassed()
    public int getCalculatedTime()
    public int getState()
    public java.lang.Long getPickedCustomerTimestamptime()
    public java.lang.Long getTimeStampArrivedPicked()
com.shree.app.R$dimen
com.shree.app.BuildConfig
com.shree.app.R$font
com.shree.app.Objects.PayoutObject
com.shree.app.R$styleable
com.shree.app.R$color
com.shree.app.R$integer
com.shree.app.R$mipmap
com.shree.app.Login.LauncherActivity:
    void checkNoType()
com.shree.app.Objects.DriverObject:
    public void <init>()
    public java.lang.String getService()
    public java.lang.String getName()
    public void setName(java.lang.String)
    public void setPhone(java.lang.String)
    public java.lang.String getLicense()
    public java.lang.String getServiceDash()
    public java.lang.String getPhoneDash()
    public void setCar(java.lang.String)
    public void setProfileImage(java.lang.String)
    public float getRatingsAvg()
    public void setRatingsAvg(float)
    public void setActive(java.lang.Boolean)
    public void setService(java.lang.String)
    public java.lang.Boolean getActive()
    public float getPayoutAmount()
    public java.lang.Boolean getConnect()
com.shree.app.Utils.Utils:
    public void <init>()
    public static com.shree.app.Objects.TypeObject getTypeById(android.app.Activity,java.lang.String)
    public static boolean isValidLicenseNo(java.lang.String)
    public java.math.BigDecimal round(float,int)
com.shree.app.R$layout
com.shree.app.R$string
com.shree.app.R$style
com.shree.app.R$animator
com.shree.app.Login.DetailsActivity:
    private static final java.lang.String TAG
com.shree.app.Objects.CardObject:
    public void setId(java.lang.String)
    public void setName(java.lang.String)
com.shree.app.R$anim
com.shree.app.Customer.MapsActivity:
    private void drawLayoutforNavigation()
com.shree.app.Login.MenuFragment:
    private static final int RC_SIGN_IN
com.shree.app.R$raw
com.shree.app.R$plurals
com.shree.app.Objects.CustomerObject:
    public void setName(java.lang.String)
    public void setPhone(java.lang.String)
    public void setProfileImage(java.lang.String)
    public java.lang.String getNotificationKey()
com.shree.app.R$interpolator
com.shree.app.R$attr
com.shree.app.Login.PhoneAuthActivity:
    private static final java.lang.String TAG
    private static final java.lang.String KEY_VERIFY_IN_PROGRESS
    private static final int STATE_INITIALIZED
    private static final int STATE_CODE_SENT
    private static final int STATE_VERIFY_FAILED
    private static final int STATE_VERIFY_SUCCESS
    private static final int STATE_SIGNIN_FAILED
    private static final int STATE_SIGNIN_SUCCESS
com.shree.app.R
com.shree.app.R$xml
com.shree.app.Objects.QueryObject
...
org.bouncycastle.asn1.cms.EncryptedContentInfo
kotlin.collections.AbstractMap$values$1$iterator$1
com.google.android.gms.internal.places.zzae
com.google.maps.android.data.kml.KmlStyle
rx.internal.operators.BlockingOperatorToIterator$SubscriberIterator
com.google.android.gms.internal.firebase_auth.zzp$zzh$zza
kotlinx.coroutines.channels.AbstractSendChannel$SendBuffered
com.squareup.moshi.MapJsonAdapter
androidx.core.util.ObjectsCompat:
    private void <init>()
    public static int hashCode(java.lang.Object)
org.bouncycastle.pqc.crypto.gmss.GMSSStateAwareSigner$1
rx.internal.operators.OperatorTimeout$1$1
com.google.android.material.bottomappbar.BottomAppBar$FabAnimationMode
androidx.coordinatorlayout.R$integer
androidx.media.MediaSessionManagerImplApi28$RemoteUserInfoImplApi28
org.bouncycastle.asn1.x509.RSAPublicKeyStructure
io.reactivex.Scheduler$DisposeTask:
    public boolean isDisposed()
    public java.lang.Runnable getWrappedRunnable()
io.reactivex.processors.ReplayProcessor$UnboundedReplayBuffer
androidx.fragment.app.FragmentTabHost$SavedState$1
io.reactivex.subjects.MaybeSubject
io.reactivex.internal.operators.maybe.MaybeTimeoutPublisher$TimeoutMainMaybeObserver
androidx.recyclerview.widget.RecyclerView$State:
    public boolean isMeasuring()
    public boolean willRunSimpleAnimations()
    public void remove(int)
    public java.lang.Object get(int)
    public void put(int,java.lang.Object)
    public int getRemainingScrollHorizontal()
    public int getRemainingScrollVertical()
    static final int STEP_START
    static final int STEP_LAYOUT
    static final int STEP_ANIMATIONS
com.onesignal.shortcutbadger.impl.DefaultBadger:
    private static final java.lang.String INTENT_ACTION
    private static final java.lang.String INTENT_EXTRA_BADGE_COUNT
    private static final java.lang.String INTENT_EXTRA_PACKAGENAME
    private static final java.lang.String INTENT_EXTRA_ACTIVITY_NAME
androidx.constraintlayout.motion.widget.Debug:
    public void <init>()
    public static void logStack(java.lang.String,java.lang.String,int)
    public static void printStack(java.lang.String,int)
    public static void dumpPoc(java.lang.Object)
    public static java.lang.String getName(android.content.Context,int)
    public static java.lang.String getName(android.content.Context,int[])
    public static java.lang.String getState(androidx.constraintlayout.motion.widget.MotionLayout,int)
    public static java.lang.String getActionType(android.view.MotionEvent)
    public static java.lang.String getLocation()
    public static java.lang.String getLoc()
    public static java.lang.String getLocation2()
    public static java.lang.String getCallFrom(int)
    public static void dumpLayoutParams(android.view.ViewGroup,java.lang.String)
    public static void dumpLayoutParams(android.view.ViewGroup$LayoutParams,java.lang.String)
kotlin.UIntArray$Iterator
com.google.firebase.database.R$integer
kotlinx.coroutines.channels.ChannelsKt__Channels_commonKt$groupBy$1
com.google.android.gms.maps.model.zzk
kotlinx.coroutines.flow.internal.CombineKt$combineTransformInternal$2$invokeSuspend$$inlined$select$lambda$1
org.bouncycastle.asn1.BERApplicationSpecificParser:
    public org.bouncycastle.asn1.ASN1Encodable readObject()
com.squareup.moshi.AdapterMethodsFactory$4
com.google.android.material.tabs.TabLayout$LabelVisibility
io.reactivex.internal.operators.observable.ObservableReplay$BufferSupplier
androidx.cardview.R
com.jakewharton.rxbinding.widget.RxAdapter
com.google.firebase.installations.R$dimen
rx.internal.operators.OnSubscribeFromIterable
com.google.firebase.database.tubesock.WebSocketHandshake:
    private static final java.lang.String WEBSOCKET_VERSION
com.facebook.common.R$bool
io.reactivex.internal.operators.mixed.ObservableSwitchMapSingle$SwitchMapSingleMainObserver
androidx.activity.R$integer
com.google.firebase.auth.api.internal.zzy